<?xml version="1.0" encoding="UTF-8"?>
<!-- Generated by org.testng.reporters.JUnitXMLReporter -->
<testsuite ignored="0" hostname="DESKTOP-7STGH0Q" failures="0" tests="6" name="Default test" time="33.178" errors="0" timestamp="2024-03-23T21:45:20 IST">
  <testcase classname="Day_22_WebsitePrioritirs.WebShopTest" name="Register" time="7.002"/>
  <testcase classname="Day_22_WebsitePrioritirs.WebShopTest" name="LoginCheck" time="2.453"/>
  <testcase classname="Day_22_WebsitePrioritirs.WebShopTest" name="AddTocart" time="3.505"/>
  <testcase classname="Day_22_WebsitePrioritirs.WebShopTest" name="PurchaseProduct" time="2.395"/>
  <testcase classname="Day_22_WebsitePrioritirs.WebShopTest" name="checkout" time="1.049"/>
  <testcase classname="Day_22_WebsitePrioritirs.WebShopTest" name="shipping" time="11.779"/>
</testsuite> <!-- Default test -->
