<?xml version="1.0" encoding="UTF-8"?>
<!-- Generated by org.testng.reporters.JUnitXMLReporter -->
<testsuite ignored="0" hostname="DESKTOP-7STGH0Q" failures="0" tests="6" name="Test" time="36.592" errors="0" timestamp="2024-03-16T19:17:51 IST">
  <testcase classname="WeShopDemoSite.WebShopTest" name="Register" time="8.108"/>
  <testcase classname="WeShopDemoSite.WebShopTest" name="LoginCheck" time="2.797"/>
  <testcase classname="WeShopDemoSite.WebShopTest" name="AddTocart" time="4.066"/>
  <testcase classname="WeShopDemoSite.WebShopTest" name="PurchaseProduct" time="3.04"/>
  <testcase classname="WeShopDemoSite.WebShopTest" name="checkout" time="1.644"/>
  <testcase classname="WeShopDemoSite.WebShopTest" name="shipping" time="9.994"/>
</testsuite> <!-- Test -->
