<?xml version="1.0" encoding="UTF-8"?>
<testng-results ignored="0" total="6" passed="6" failed="0" skipped="0">
  <reporter-output>
  </reporter-output>
  <suite started-at="2024-03-23T21:44:46 IST" name="Default suite" finished-at="2024-03-23T21:45:20 IST" duration-ms="33178">
    <groups>
    </groups>
    <test started-at="2024-03-23T21:44:46 IST" name="Default test" finished-at="2024-03-23T21:45:20 IST" duration-ms="33178">
      <class name="Day_22_WebsitePrioritirs.WebShopTest">
        <test-method is-config="true" signature="setUp()[pri:0, instance:Day_22_WebsitePrioritirs.WebShopTest@1b6e1eff]" started-at="2024-03-23T21:44:44 IST" name="setUp" finished-at="2024-03-23T21:44:46 IST" duration-ms="2876" status="PASS">
          <reporter-output>
          </reporter-output>
        </test-method> <!-- setUp -->
        <test-method is-config="true" signature="URLLaunch()[pri:0, instance:Day_22_WebsitePrioritirs.WebShopTest@1b6e1eff]" started-at="2024-03-23T21:44:46 IST" name="URLLaunch" finished-at="2024-03-23T21:44:49 IST" duration-ms="2488" status="PASS">
          <reporter-output>
          </reporter-output>
        </test-method> <!-- URLLaunch -->
        <test-method is-config="true" signature="maximizeWindow()[pri:0, instance:Day_22_WebsitePrioritirs.WebShopTest@1b6e1eff]" started-at="2024-03-23T21:44:49 IST" name="maximizeWindow" finished-at="2024-03-23T21:44:49 IST" duration-ms="192" status="PASS">
          <reporter-output>
          </reporter-output>
        </test-method> <!-- maximizeWindow -->
        <test-method is-config="true" signature="cookiesDetails()[pri:0, instance:Day_22_WebsitePrioritirs.WebShopTest@1b6e1eff]" started-at="2024-03-23T21:44:49 IST" name="cookiesDetails" finished-at="2024-03-23T21:44:49 IST" duration-ms="58" status="PASS">
          <reporter-output>
          </reporter-output>
        </test-method> <!-- cookiesDetails -->
        <test-method signature="Register()[pri:1, instance:Day_22_WebsitePrioritirs.WebShopTest@1b6e1eff]" started-at="2024-03-23T21:44:49 IST" name="Register" finished-at="2024-03-23T21:44:56 IST" duration-ms="7002" status="PASS">
          <reporter-output>
          </reporter-output>
        </test-method> <!-- Register -->
        <test-method is-config="true" signature="captureSC()[pri:0, instance:Day_22_WebsitePrioritirs.WebShopTest@1b6e1eff]" started-at="2024-03-23T21:44:56 IST" name="captureSC" finished-at="2024-03-23T21:44:57 IST" duration-ms="479" status="PASS">
          <reporter-output>
          </reporter-output>
        </test-method> <!-- captureSC -->
        <test-method is-config="true" signature="cookiesDetails()[pri:0, instance:Day_22_WebsitePrioritirs.WebShopTest@1b6e1eff]" started-at="2024-03-23T21:44:57 IST" name="cookiesDetails" finished-at="2024-03-23T21:44:57 IST" duration-ms="64" status="PASS">
          <reporter-output>
          </reporter-output>
        </test-method> <!-- cookiesDetails -->
        <test-method signature="LoginCheck()[pri:2, instance:Day_22_WebsitePrioritirs.WebShopTest@1b6e1eff]" started-at="2024-03-23T21:44:57 IST" name="LoginCheck" finished-at="2024-03-23T21:44:59 IST" duration-ms="2453" status="PASS">
          <reporter-output>
          </reporter-output>
        </test-method> <!-- LoginCheck -->
        <test-method is-config="true" signature="captureSC()[pri:0, instance:Day_22_WebsitePrioritirs.WebShopTest@1b6e1eff]" started-at="2024-03-23T21:44:59 IST" name="captureSC" finished-at="2024-03-23T21:45:00 IST" duration-ms="393" status="PASS">
          <reporter-output>
          </reporter-output>
        </test-method> <!-- captureSC -->
        <test-method is-config="true" signature="cookiesDetails()[pri:0, instance:Day_22_WebsitePrioritirs.WebShopTest@1b6e1eff]" started-at="2024-03-23T21:45:00 IST" name="cookiesDetails" finished-at="2024-03-23T21:45:00 IST" duration-ms="36" status="PASS">
          <reporter-output>
          </reporter-output>
        </test-method> <!-- cookiesDetails -->
        <test-method signature="AddTocart()[pri:3, instance:Day_22_WebsitePrioritirs.WebShopTest@1b6e1eff]" started-at="2024-03-23T21:45:00 IST" name="AddTocart" finished-at="2024-03-23T21:45:03 IST" duration-ms="3505" status="PASS">
          <reporter-output>
          </reporter-output>
        </test-method> <!-- AddTocart -->
        <test-method is-config="true" signature="captureSC()[pri:0, instance:Day_22_WebsitePrioritirs.WebShopTest@1b6e1eff]" started-at="2024-03-23T21:45:03 IST" name="captureSC" finished-at="2024-03-23T21:45:03 IST" duration-ms="246" status="PASS">
          <reporter-output>
          </reporter-output>
        </test-method> <!-- captureSC -->
        <test-method is-config="true" signature="cookiesDetails()[pri:0, instance:Day_22_WebsitePrioritirs.WebShopTest@1b6e1eff]" started-at="2024-03-23T21:45:03 IST" name="cookiesDetails" finished-at="2024-03-23T21:45:04 IST" duration-ms="18" status="PASS">
          <reporter-output>
          </reporter-output>
        </test-method> <!-- cookiesDetails -->
        <test-method signature="PurchaseProduct()[pri:0, instance:Day_22_WebsitePrioritirs.WebShopTest@1b6e1eff]" started-at="2024-03-23T21:45:04 IST" name="PurchaseProduct" finished-at="2024-03-23T21:45:06 IST" depends-on-methods="Day_22_WebsitePrioritirs.WebShopTest.AddTocart" duration-ms="2395" status="PASS">
          <reporter-output>
          </reporter-output>
        </test-method> <!-- PurchaseProduct -->
        <test-method is-config="true" signature="captureSC()[pri:0, instance:Day_22_WebsitePrioritirs.WebShopTest@1b6e1eff]" started-at="2024-03-23T21:45:06 IST" name="captureSC" finished-at="2024-03-23T21:45:06 IST" duration-ms="219" status="PASS">
          <reporter-output>
          </reporter-output>
        </test-method> <!-- captureSC -->
        <test-method is-config="true" signature="cookiesDetails()[pri:0, instance:Day_22_WebsitePrioritirs.WebShopTest@1b6e1eff]" started-at="2024-03-23T21:45:06 IST" name="cookiesDetails" finished-at="2024-03-23T21:45:06 IST" duration-ms="22" status="PASS">
          <reporter-output>
          </reporter-output>
        </test-method> <!-- cookiesDetails -->
        <test-method signature="checkout()[pri:0, instance:Day_22_WebsitePrioritirs.WebShopTest@1b6e1eff]" started-at="2024-03-23T21:45:06 IST" name="checkout" finished-at="2024-03-23T21:45:07 IST" depends-on-methods="Day_22_WebsitePrioritirs.WebShopTest.PurchaseProduct" duration-ms="1049" status="PASS">
          <reporter-output>
          </reporter-output>
        </test-method> <!-- checkout -->
        <test-method is-config="true" signature="captureSC()[pri:0, instance:Day_22_WebsitePrioritirs.WebShopTest@1b6e1eff]" started-at="2024-03-23T21:45:07 IST" name="captureSC" finished-at="2024-03-23T21:45:07 IST" duration-ms="216" status="PASS">
          <reporter-output>
          </reporter-output>
        </test-method> <!-- captureSC -->
        <test-method is-config="true" signature="cookiesDetails()[pri:0, instance:Day_22_WebsitePrioritirs.WebShopTest@1b6e1eff]" started-at="2024-03-23T21:45:07 IST" name="cookiesDetails" finished-at="2024-03-23T21:45:07 IST" duration-ms="16" status="PASS">
          <reporter-output>
          </reporter-output>
        </test-method> <!-- cookiesDetails -->
        <test-method signature="shipping()[pri:0, instance:Day_22_WebsitePrioritirs.WebShopTest@1b6e1eff]" started-at="2024-03-23T21:45:07 IST" name="shipping" finished-at="2024-03-23T21:45:19 IST" depends-on-methods="Day_22_WebsitePrioritirs.WebShopTest.checkout" duration-ms="11779" status="PASS">
          <reporter-output>
          </reporter-output>
        </test-method> <!-- shipping -->
        <test-method is-config="true" signature="captureSC()[pri:0, instance:Day_22_WebsitePrioritirs.WebShopTest@1b6e1eff]" started-at="2024-03-23T21:45:19 IST" name="captureSC" finished-at="2024-03-23T21:45:20 IST" duration-ms="334" status="PASS">
          <reporter-output>
          </reporter-output>
        </test-method> <!-- captureSC -->
        <test-method is-config="true" signature="deleteCookies()[pri:0, instance:Day_22_WebsitePrioritirs.WebShopTest@1b6e1eff]" started-at="2024-03-23T21:45:20 IST" name="deleteCookies" finished-at="2024-03-23T21:45:20 IST" duration-ms="72" status="PASS">
          <reporter-output>
          </reporter-output>
        </test-method> <!-- deleteCookies -->
        <test-method is-config="true" signature="closeDb()[pri:0, instance:Day_22_WebsitePrioritirs.WebShopTest@1b6e1eff]" started-at="2024-03-23T21:45:20 IST" name="closeDb" finished-at="2024-03-23T21:45:20 IST" duration-ms="1" status="PASS">
          <reporter-output>
          </reporter-output>
        </test-method> <!-- closeDb -->
        <test-method is-config="true" signature="closeWindow()[pri:0, instance:Day_22_WebsitePrioritirs.WebShopTest@1b6e1eff]" started-at="2024-03-23T21:45:20 IST" name="closeWindow" finished-at="2024-03-23T21:45:20 IST" duration-ms="360" status="PASS">
          <reporter-output>
          </reporter-output>
        </test-method> <!-- closeWindow -->
      </class> <!-- Day_22_WebsitePrioritirs.WebShopTest -->
    </test> <!-- Default test -->
  </suite> <!-- Default suite -->
</testng-results>
